[2/18/2024, 8:59:13 AM][INFO] /home/ma/.config/QQ/versions/config.json 存在
[2/18/2024, 8:59:13 AM][INFO] /home/ma/.config/QQ/versions/3.2.5-21357.zip 不存在，无法执行解压操作
[2/18/2024, 8:59:13 AM][INFO] 从安装目录加载主进程代码: /tmp/.mount_linuxqr2yPPR/resources/app/application/background.js
[2/18/2024, 8:59:13 AM][INFO] 
---------- 华丽的分割线 ----------


[2/18/2024, 9:32:39 AM][INFO] /home/ma/.config/QQ/versions/config.json 存在
[2/18/2024, 9:32:39 AM][INFO] /home/ma/.config/QQ/versions/3.2.5-21357.zip 不存在，无法执行解压操作
[2/18/2024, 9:32:39 AM][INFO] 从安装目录加载主进程代码: /tmp/.mount_linuxqouDn2a/resources/app/application/background.js
[2/18/2024, 9:32:39 AM][INFO] 
---------- 华丽的分割线 ----------


[2/18/2024, 10:56:46 AM][INFO] /home/ma/.config/QQ/versions/config.json 存在
[2/18/2024, 10:56:46 AM][INFO] /home/ma/.config/QQ/versions/3.2.5-21357.zip 不存在，无法执行解压操作
[2/18/2024, 10:56:46 AM][INFO] 从安装目录加载主进程代码: /tmp/.mount_linuxq3MtrJi/resources/app/application/background.js
[2/18/2024, 10:56:46 AM][INFO] 
---------- 华丽的分割线 ----------


[2/18/2024, 10:57:45 AM][INFO] /home/ma/.config/QQ/versions/config.json 存在
[2/18/2024, 10:57:45 AM][INFO] /home/ma/.config/QQ/versions/3.2.5-21357.zip 不存在，无法执行解压操作
[2/18/2024, 10:57:45 AM][INFO] 从安装目录加载主进程代码: /tmp/.mount_linuxqE1obSC/resources/app/application/background.js
[2/18/2024, 10:57:45 AM][INFO] 
---------- 华丽的分割线 ----------


