[7/17/2024, 1:17:31 AM][INFO] /home/ma/.config/QQ/versions/config.json 存在
[7/17/2024, 1:17:31 AM][INFO] 判断到 {"buildId":"23361","installedBuildId":"25765"} 不符合条件，重置 cacheDir 目录
[7/17/2024, 1:17:31 AM][INFO] 要删除的目录/文件是: /home/ma/.config/QQ/versions/config.json
[7/17/2024, 1:17:31 AM][INFO] 不存在 /home/ma/.config/QQ/versions/config.json，将自动创建。内容为：
{
  "baseVersion": "3.2.10-25765",
  "curVersion": "3.2.10-25765",
  "prevVersion": "",
  "onErrorVersions": [],
  "buildId": "25765",
  "unzipRetryCount": 0
}
[7/17/2024, 1:17:31 AM][INFO] /home/ma/.config/QQ/versions/3.2.10-25765.zip 不存在，无需执行解压操作
[7/17/2024, 1:17:31 AM][INFO] 从安装目录加载主进程代码: /opt/QQ/resources/app/application/background.js
[7/17/2024, 1:17:31 AM][INFO] 
---------- 成功的分割线 ----------


[7/17/2024, 9:30:31 PM][INFO] /home/ma/.config/QQ/versions/config.json 存在
[7/17/2024, 9:30:31 PM][INFO] /home/ma/.config/QQ/versions/3.2.10-25765.zip 不存在，无需执行解压操作
[7/17/2024, 9:30:31 PM][INFO] 从安装目录加载主进程代码: /opt/QQ/resources/app/application/background.js
[7/17/2024, 9:30:31 PM][INFO] 
---------- 成功的分割线 ----------


