1716959120.011565 client started (292904): version 3.4, socket /tmp/tmux-1000/default, protocol 8
1716959120.011582 on Linux 6.8.10-300.fc40.x86_64 #1 SMP PREEMPT_DYNAMIC Fri May 17 21:20:54 UTC 2024
1716959120.011588 using libevent 2.1.12-stable poll
1716959120.011591 using ncurses 6.4 20240127
1716959120.011600 flags are 0x10010000
1716959120.011609 socket is /tmp/tmux-1000/default
1716959120.011618 trying connect
1716959120.011655 add peer 0x557ed3730be0: 6 ((nil))
1716959120.011784 sending message 100 to peer 0x557ed3730be0 (4 bytes)
1716959120.011789 sending message 111 to peer 0x557ed3730be0 (8 bytes)
1716959120.011792 sending message 101 to peer 0x557ed3730be0 (16 bytes)
1716959120.011795 sending message 109 to peer 0x557ed3730be0 (4 bytes)
1716959120.011798 sending message 102 to peer 0x557ed3730be0 (11 bytes)
1716959120.011801 sending message 108 to peer 0x557ed3730be0 (22 bytes)
1716959120.011803 sending message 112 to peer 0x557ed3730be0 (70 bytes)
1716959120.011807 sending message 112 to peer 0x557ed3730be0 (5 bytes)
1716959120.011810 sending message 112 to peer 0x557ed3730be0 (5 bytes)
1716959120.011812 sending message 112 to peer 0x557ed3730be0 (6 bytes)
1716959120.011815 sending message 112 to peer 0x557ed3730be0 (6 bytes)
1716959120.011818 sending message 112 to peer 0x557ed3730be0 (11 bytes)
1716959120.011821 sending message 112 to peer 0x557ed3730be0 (10 bytes)
1716959120.011824 sending message 112 to peer 0x557ed3730be0 (13 bytes)
1716959120.011827 sending message 112 to peer 0x557ed3730be0 (13 bytes)
1716959120.011830 sending message 112 to peer 0x557ed3730be0 (18 bytes)
1716959120.011833 sending message 112 to peer 0x557ed3730be0 (11 bytes)
1716959120.011836 sending message 112 to peer 0x557ed3730be0 (21 bytes)
1716959120.011839 sending message 112 to peer 0x557ed3730be0 (13 bytes)
1716959120.011841 sending message 112 to peer 0x557ed3730be0 (7 bytes)
1716959120.011844 sending message 112 to peer 0x557ed3730be0 (13 bytes)
1716959120.011847 sending message 112 to peer 0x557ed3730be0 (7 bytes)
1716959120.011850 sending message 112 to peer 0x557ed3730be0 (13 bytes)
1716959120.011853 sending message 112 to peer 0x557ed3730be0 (9 bytes)
1716959120.011856 sending message 112 to peer 0x557ed3730be0 (21 bytes)
1716959120.011859 sending message 112 to peer 0x557ed3730be0 (13 bytes)
1716959120.011862 sending message 112 to peer 0x557ed3730be0 (8 bytes)
1716959120.011865 sending message 112 to peer 0x557ed3730be0 (12 bytes)
1716959120.011868 sending message 112 to peer 0x557ed3730be0 (13 bytes)
1716959120.011870 sending message 112 to peer 0x557ed3730be0 (9 bytes)
1716959120.011873 sending message 112 to peer 0x557ed3730be0 (9 bytes)
1716959120.011876 sending message 112 to peer 0x557ed3730be0 (12 bytes)
1716959120.011879 sending message 112 to peer 0x557ed3730be0 (8 bytes)
1716959120.011882 sending message 112 to peer 0x557ed3730be0 (7 bytes)
1716959120.011885 sending message 112 to peer 0x557ed3730be0 (7 bytes)
1716959120.011888 sending message 112 to peer 0x557ed3730be0 (9 bytes)
1716959120.011891 sending message 112 to peer 0x557ed3730be0 (13 bytes)
1716959120.011894 sending message 112 to peer 0x557ed3730be0 (9 bytes)
1716959120.011896 sending message 112 to peer 0x557ed3730be0 (15 bytes)
1716959120.011899 sending message 112 to peer 0x557ed3730be0 (13 bytes)
1716959120.011902 sending message 112 to peer 0x557ed3730be0 (12 bytes)
1716959120.011905 sending message 112 to peer 0x557ed3730be0 (8 bytes)
1716959120.011908 sending message 112 to peer 0x557ed3730be0 (14 bytes)
1716959120.011911 sending message 112 to peer 0x557ed3730be0 (9 bytes)
1716959120.011914 sending message 112 to peer 0x557ed3730be0 (10 bytes)
1716959120.011917 sending message 112 to peer 0x557ed3730be0 (10 bytes)
1716959120.011920 sending message 112 to peer 0x557ed3730be0 (10 bytes)
1716959120.011923 sending message 112 to peer 0x557ed3730be0 (10 bytes)
1716959120.011926 sending message 112 to peer 0x557ed3730be0 (11 bytes)
1716959120.011928 sending message 112 to peer 0x557ed3730be0 (10 bytes)
1716959120.011931 sending message 112 to peer 0x557ed3730be0 (8 bytes)
1716959120.011940 sending message 112 to peer 0x557ed3730be0 (11 bytes)
1716959120.011943 sending message 112 to peer 0x557ed3730be0 (11 bytes)
1716959120.011946 sending message 112 to peer 0x557ed3730be0 (11 bytes)
1716959120.011949 sending message 112 to peer 0x557ed3730be0 (8 bytes)
1716959120.011952 sending message 112 to peer 0x557ed3730be0 (8 bytes)
1716959120.011955 sending message 112 to peer 0x557ed3730be0 (8 bytes)
1716959120.011958 sending message 112 to peer 0x557ed3730be0 (10 bytes)
1716959120.011961 sending message 112 to peer 0x557ed3730be0 (10 bytes)
1716959120.011964 sending message 112 to peer 0x557ed3730be0 (10 bytes)
1716959120.011967 sending message 112 to peer 0x557ed3730be0 (10 bytes)
1716959120.011970 sending message 112 to peer 0x557ed3730be0 (10 bytes)
1716959120.011973 sending message 112 to peer 0x557ed3730be0 (11 bytes)
1716959120.011976 sending message 112 to peer 0x557ed3730be0 (11 bytes)
1716959120.011979 sending message 112 to peer 0x557ed3730be0 (10 bytes)
1716959120.011982 sending message 112 to peer 0x557ed3730be0 (9 bytes)
1716959120.011985 sending message 112 to peer 0x557ed3730be0 (9 bytes)
1716959120.011988 sending message 112 to peer 0x557ed3730be0 (12 bytes)
1716959120.011991 sending message 112 to peer 0x557ed3730be0 (9 bytes)
1716959120.011993 sending message 112 to peer 0x557ed3730be0 (6 bytes)
1716959120.011996 sending message 112 to peer 0x557ed3730be0 (13 bytes)
1716959120.011999 sending message 112 to peer 0x557ed3730be0 (8 bytes)
1716959120.012002 sending message 112 to peer 0x557ed3730be0 (15 bytes)
1716959120.012005 sending message 112 to peer 0x557ed3730be0 (13 bytes)
1716959120.012008 sending message 112 to peer 0x557ed3730be0 (70 bytes)
1716959120.012011 sending message 112 to peer 0x557ed3730be0 (69 bytes)
1716959120.012014 sending message 112 to peer 0x557ed3730be0 (10 bytes)
1716959120.012017 sending message 112 to peer 0x557ed3730be0 (8 bytes)
1716959120.012020 sending message 112 to peer 0x557ed3730be0 (15 bytes)
1716959120.012023 sending message 112 to peer 0x557ed3730be0 (13 bytes)
1716959120.012026 sending message 112 to peer 0x557ed3730be0 (10 bytes)
1716959120.012029 sending message 112 to peer 0x557ed3730be0 (10 bytes)
1716959120.012032 sending message 112 to peer 0x557ed3730be0 (5 bytes)
1716959120.012035 sending message 112 to peer 0x557ed3730be0 (15 bytes)
1716959120.012038 sending message 104 to peer 0x557ed3730be0 (0 bytes)
1716959120.012041 sending message 110 to peer 0x557ed3730be0 (0 bytes)
1716959120.012044 sending message 107 to peer 0x557ed3730be0 (4 bytes)
1716959120.012047 sending message 105 to peer 0x557ed3730be0 (16 bytes)
1716959120.012050 sending message 105 to peer 0x557ed3730be0 (18 bytes)
1716959120.012053 sending message 105 to peer 0x557ed3730be0 (20 bytes)
1716959120.012056 sending message 105 to peer 0x557ed3730be0 (23 bytes)
1716959120.012059 sending message 105 to peer 0x557ed3730be0 (25 bytes)
1716959120.012062 sending message 105 to peer 0x557ed3730be0 (20 bytes)
1716959120.012065 sending message 105 to peer 0x557ed3730be0 (36 bytes)
1716959120.012068 sending message 105 to peer 0x557ed3730be0 (16 bytes)
1716959120.012071 sending message 105 to peer 0x557ed3730be0 (14 bytes)
1716959120.012074 sending message 105 to peer 0x557ed3730be0 (58 bytes)
1716959120.012077 sending message 105 to peer 0x557ed3730be0 (51 bytes)
1716959120.012080 sending message 105 to peer 0x557ed3730be0 (56 bytes)
1716959120.012083 sending message 105 to peer 0x557ed3730be0 (21 bytes)
1716959120.012086 sending message 105 to peer 0x557ed3730be0 (15 bytes)
1716959120.012088 sending message 105 to peer 0x557ed3730be0 (21 bytes)
1716959120.012092 sending message 105 to peer 0x557ed3730be0 (105 bytes)
1716959120.012095 sending message 105 to peer 0x557ed3730be0 (15 bytes)
1716959120.012098 sending message 105 to peer 0x557ed3730be0 (26 bytes)
1716959120.012101 sending message 105 to peer 0x557ed3730be0 (11 bytes)
1716959120.012103 sending message 105 to peer 0x557ed3730be0 (21 bytes)
1716959120.012106 sending message 105 to peer 0x557ed3730be0 (33 bytes)
1716959120.012113 sending message 105 to peer 0x557ed3730be0 (30 bytes)
1716959120.012116 sending message 105 to peer 0x557ed3730be0 (22 bytes)
1716959120.012119 sending message 105 to peer 0x557ed3730be0 (32 bytes)
1716959120.012122 sending message 105 to peer 0x557ed3730be0 (60 bytes)
1716959120.012125 sending message 105 to peer 0x557ed3730be0 (13 bytes)
1716959120.012128 sending message 105 to peer 0x557ed3730be0 (14 bytes)
1716959120.012131 sending message 105 to peer 0x557ed3730be0 (17 bytes)
1716959120.012134 sending message 105 to peer 0x557ed3730be0 (1823 bytes)
1716959120.012142 sending message 105 to peer 0x557ed3730be0 (104 bytes)
1716959120.012145 sending message 105 to peer 0x557ed3730be0 (18 bytes)
1716959120.012148 sending message 105 to peer 0x557ed3730be0 (28 bytes)
1716959120.012151 sending message 105 to peer 0x557ed3730be0 (34 bytes)
1716959120.012154 sending message 105 to peer 0x557ed3730be0 (47 bytes)
1716959120.012157 sending message 105 to peer 0x557ed3730be0 (22 bytes)
1716959120.012160 sending message 105 to peer 0x557ed3730be0 (73 bytes)
1716959120.012163 sending message 105 to peer 0x557ed3730be0 (23 bytes)
1716959120.012166 sending message 105 to peer 0x557ed3730be0 (41 bytes)
1716959120.012169 sending message 105 to peer 0x557ed3730be0 (35 bytes)
1716959120.012172 sending message 105 to peer 0x557ed3730be0 (21 bytes)
1716959120.012175 sending message 105 to peer 0x557ed3730be0 (35 bytes)
1716959120.012178 sending message 105 to peer 0x557ed3730be0 (8 bytes)
1716959120.012181 sending message 105 to peer 0x557ed3730be0 (13 bytes)
1716959120.012184 sending message 105 to peer 0x557ed3730be0 (14 bytes)
1716959120.012187 sending message 105 to peer 0x557ed3730be0 (11 bytes)
1716959120.012190 sending message 105 to peer 0x557ed3730be0 (8 bytes)
1716959120.012193 sending message 105 to peer 0x557ed3730be0 (19 bytes)
1716959120.012196 sending message 105 to peer 0x557ed3730be0 (11 bytes)
1716959120.012199 sending message 105 to peer 0x557ed3730be0 (17 bytes)
1716959120.012202 sending message 105 to peer 0x557ed3730be0 (33 bytes)
1716959120.012205 sending message 105 to peer 0x557ed3730be0 (31 bytes)
1716959120.012208 sending message 105 to peer 0x557ed3730be0 (21 bytes)
1716959120.012211 sending message 105 to peer 0x557ed3730be0 (21 bytes)
1716959120.012214 sending message 105 to peer 0x557ed3730be0 (55 bytes)
1716959120.012217 sending message 105 to peer 0x557ed3730be0 (119 bytes)
1716959120.012220 sending message 105 to peer 0x557ed3730be0 (133 bytes)
1716959120.012223 sending message 105 to peer 0x557ed3730be0 (54 bytes)
1716959120.012226 sending message 105 to peer 0x557ed3730be0 (17 bytes)
1716959120.012229 sending message 105 to peer 0x557ed3730be0 (24 bytes)
1716959120.012232 sending message 105 to peer 0x557ed3730be0 (40 bytes)
1716959120.012235 sending message 105 to peer 0x557ed3730be0 (41 bytes)
1716959120.012238 sending message 105 to peer 0x557ed3730be0 (18 bytes)
1716959120.012241 sending message 105 to peer 0x557ed3730be0 (16 bytes)
1716959120.012244 sending message 106 to peer 0x557ed3730be0 (0 bytes)
1716959120.012262 sending message 200 to peer 0x557ed3730be0 (4 bytes)
1716959120.012265 client loop enter
1716959120.012443 peer 0x557ed3730be0 message 303
1716959120.012455 open write file 2 -
1716959120.012461 sending message 305 to peer 0x557ed3730be0 (8 bytes)
1716959120.012467 write check file 2
1716959120.012508 peer 0x557ed3730be0 message 304
1716959120.012512 write 58 to file 2
1716959120.012515 peer 0x557ed3730be0 message 203
1716959120.012518 file 2 58 bytes left
1716959120.012525 write check file 2
1716959120.012528 client loop exit
