00:00:00.253943 VirtualBox GUI VM Selector Window 7.0.14 r161095 linux.amd64 (Jan 19 2024 13:54:29) release log
00:00:00.253944 Log opened 2024-02-29T01:32:39.768881000Z
00:00:00.253945 Build Type: release
00:00:00.253946 OS Product: Linux
00:00:00.253946 OS Release: 6.7.6-arch1-1
00:00:00.253946 OS Version: #1 SMP PREEMPT_DYNAMIC Fri, 23 Feb 2024 16:31:48 +0000
00:00:00.253959 DMI Product Name: System Product Name
00:00:00.253962 DMI Product Version: System Version
00:00:00.253964 Firmware type: UEFI
00:00:00.254163 Secure Boot: Disabled
00:00:00.254190 Host RAM: 31841MB (31.0GB) total, 28143MB (27.4GB) available
00:00:00.254192 Executable: /usr/lib/virtualbox/VirtualBox
00:00:00.254193 Process ID: 400982
00:00:00.254193 Package type: LINUX_64BITS_GENERIC (OSE)
00:00:00.254214 Qt version: 5.15.12
00:00:00.255079 GUI: UIMediumEnumerator: Initial medium-enumeration finished!
00:00:00.265597 GUI: UIMediumEnumerator: Medium-enumeration started...
00:00:00.670082 GUI: UIMediumEnumerator: Medium-enumeration finished!
00:00:00.680406 GUI: UIDesktopWidgetWatchdog::sltHandleHostScreenAvailableGeometryCalculated: Screen 0 work area is actually resized to: 2400x111 x 960x540
00:00:00.681411 GUI: UIDesktopWidgetWatchdog::sltHandleHostScreenAvailableGeometryCalculated: Screen 1 work area is actually resized to: 2400x107 x 960x540
00:00:08.403270 GUI: UICommon: Handling aboutToQuit request..
00:00:09.244144 GUI: UICommon: aboutToQuit request handled!
